2025-11-11 13:37:35.635 [main] ERROR com.zen.kit.IOKit - config/tables文件不存在
2025-11-11 13:40:30.820 [ZenCore:Thread-0] ERROR zx.X - 500
java.lang.NullPointerException: Cannot invoke "java.sql.Connection.prepareStatement(String)" because "this.d" is null
	at zx.ap.b(Unknown Source)
	at zx.br.f(Unknown Source)
	at com.zen.kit.UserKit.getByToken(Unknown Source)
	at com.zen.ZenData.getUser(Unknown Source)
	at zx.bn.a(Unknown Source)
	at com.zen.ZenController.$check(Unknown Source)
	at zx.ao.$excute(Unknown Source)
	at zx.X.handle(Unknown Source)
	at zx.aH.a(Unknown Source)
	at zx.aS.b(Unknown Source)
	at zx.aB.a(Unknown Source)
	at zx.cj.d(Unknown Source)
	at zx.cj.b(Unknown Source)
	at zx.cj$1.completed(Unknown Source)
	at zx.cd.a(Unknown Source)
	at zx.bZ.d(Unknown Source)
	at zx.ca.run(Unknown Source)
	at java.base/java.util.concurrent.ThreadPoolExecutor.runWorker(ThreadPoolExecutor.java:1136)
	at java.base/java.util.concurrent.ThreadPoolExecutor$Worker.run(ThreadPoolExecutor.java:635)
	at java.base/java.lang.Thread.run(Thread.java:842)
2025-11-11 13:41:50.772 [main] ERROR com.zen.kit.IOKit - config/tables文件不存在
2025-11-11 13:42:19.581 [main] ERROR com.zen.kit.IOKit - config/tables文件不存在
2025-11-11 13:43:35.126 [main] ERROR com.zen.kit.IOKit - config/tables文件不存在
2025-11-11 13:43:46.716 [ZenCore:Thread-3] ERROR com.zen.kit.IOKit - config/menus文件不存在
2025-11-11 13:43:46.720 [ZenCore:Thread-3] ERROR zx.X - 500
java.lang.NullPointerException: Cannot invoke "com.google.gson.JsonArray.forEach(java.util.function.Consumer)" because "<local0>" is null
	at com.zen.kit.JsonKit.parseAsList(Unknown Source)
	at zx.ao.a(Unknown Source)
	at zx.ao.$excute(Unknown Source)
	at zx.X.handle(Unknown Source)
	at zx.aH.a(Unknown Source)
	at zx.aS.b(Unknown Source)
	at zx.aB.a(Unknown Source)
	at zx.cj.d(Unknown Source)
	at zx.cj.b(Unknown Source)
	at zx.cj$1.completed(Unknown Source)
	at zx.cd.a(Unknown Source)
	at zx.bZ.d(Unknown Source)
	at zx.ca.run(Unknown Source)
	at java.base/java.util.concurrent.ThreadPoolExecutor.runWorker(ThreadPoolExecutor.java:1136)
	at java.base/java.util.concurrent.ThreadPoolExecutor$Worker.run(ThreadPoolExecutor.java:635)
	at java.base/java.lang.Thread.run(Thread.java:842)
2025-11-11 13:44:09.029 [ZenCore:Thread-4] ERROR com.zen.kit.IOKit - config/menus文件不存在
2025-11-11 13:44:09.031 [ZenCore:Thread-4] ERROR zx.X - 500
java.lang.NullPointerException: Cannot invoke "com.google.gson.JsonArray.forEach(java.util.function.Consumer)" because "<local0>" is null
	at com.zen.kit.JsonKit.parseAsList(Unknown Source)
	at zx.ao.a(Unknown Source)
	at zx.ao.$excute(Unknown Source)
	at zx.X.handle(Unknown Source)
	at zx.aH.a(Unknown Source)
	at zx.aS.b(Unknown Source)
	at zx.aB.a(Unknown Source)
	at zx.cj.d(Unknown Source)
	at zx.cj.b(Unknown Source)
	at zx.cj$1.completed(Unknown Source)
	at zx.cd.a(Unknown Source)
	at zx.bZ.d(Unknown Source)
	at zx.ca.run(Unknown Source)
	at java.base/java.util.concurrent.ThreadPoolExecutor.runWorker(ThreadPoolExecutor.java:1136)
	at java.base/java.util.concurrent.ThreadPoolExecutor$Worker.run(ThreadPoolExecutor.java:635)
	at java.base/java.lang.Thread.run(Thread.java:842)
2025-11-21 13:20:53.362 [ZenCore:Thread-0] ERROR zx.X - 500
java.lang.NullPointerException: Cannot invoke "java.sql.Connection.prepareStatement(String)" because "this.d" is null
	at zx.ap.b(Unknown Source)
	at zx.br.f(Unknown Source)
	at com.zen.kit.UserKit.getByToken(Unknown Source)
	at com.zen.ZenData.getUser(Unknown Source)
	at zx.bn.a(Unknown Source)
	at com.zen.ZenController.$check(Unknown Source)
	at zx.ao.$excute(Unknown Source)
	at zx.X.handle(Unknown Source)
	at zx.aH.a(Unknown Source)
	at zx.aS.b(Unknown Source)
	at zx.aB.a(Unknown Source)
	at zx.cj.d(Unknown Source)
	at zx.cj.b(Unknown Source)
	at zx.cj$1.completed(Unknown Source)
	at zx.cd.a(Unknown Source)
	at zx.bZ.d(Unknown Source)
	at zx.ca.run(Unknown Source)
	at java.base/java.util.concurrent.ThreadPoolExecutor.runWorker(ThreadPoolExecutor.java:1136)
	at java.base/java.util.concurrent.ThreadPoolExecutor$Worker.run(ThreadPoolExecutor.java:635)
	at java.base/java.lang.Thread.run(Thread.java:840)
2025-11-21 13:33:21.359 [ZenCore:Thread-0] ERROR zx.X - 500
java.lang.NullPointerException: Cannot invoke "java.sql.Connection.prepareStatement(String)" because "this.d" is null
	at zx.ap.b(Unknown Source)
	at zx.br.f(Unknown Source)
	at com.zen.kit.UserKit.getByToken(Unknown Source)
	at com.zen.ZenData.getUser(Unknown Source)
	at zx.bn.a(Unknown Source)
	at com.zen.ZenController.$check(Unknown Source)
	at zx.ao.$excute(Unknown Source)
	at zx.X.handle(Unknown Source)
	at zx.aH.a(Unknown Source)
	at zx.aS.b(Unknown Source)
	at zx.aB.a(Unknown Source)
	at zx.cj.d(Unknown Source)
	at zx.cj.b(Unknown Source)
	at zx.cj$1.completed(Unknown Source)
	at zx.cd.a(Unknown Source)
	at zx.bZ.d(Unknown Source)
	at zx.ca.run(Unknown Source)
	at java.base/java.util.concurrent.ThreadPoolExecutor.runWorker(ThreadPoolExecutor.java:1136)
	at java.base/java.util.concurrent.ThreadPoolExecutor$Worker.run(ThreadPoolExecutor.java:635)
	at java.base/java.lang.Thread.run(Thread.java:840)
2025-11-21 13:33:35.177 [ZenCore:Thread-1] ERROR zx.X - 500
java.lang.NullPointerException: Cannot invoke "java.sql.Connection.prepareStatement(String)" because "this.d" is null
	at zx.ap.b(Unknown Source)
	at zx.br.f(Unknown Source)
	at com.zen.kit.UserKit.getByToken(Unknown Source)
	at com.zen.ZenData.getUser(Unknown Source)
	at zx.bn.a(Unknown Source)
	at com.zen.ZenController.$check(Unknown Source)
	at zx.ao.$excute(Unknown Source)
	at zx.X.handle(Unknown Source)
	at zx.aH.a(Unknown Source)
	at zx.aS.b(Unknown Source)
	at zx.aB.a(Unknown Source)
	at zx.cj.d(Unknown Source)
	at zx.cj.b(Unknown Source)
	at zx.cj$1.completed(Unknown Source)
	at zx.cd.a(Unknown Source)
	at zx.bZ.d(Unknown Source)
	at zx.ca.run(Unknown Source)
	at java.base/java.util.concurrent.ThreadPoolExecutor.runWorker(ThreadPoolExecutor.java:1136)
	at java.base/java.util.concurrent.ThreadPoolExecutor$Worker.run(ThreadPoolExecutor.java:635)
	at java.base/java.lang.Thread.run(Thread.java:840)
2025-11-21 13:33:37.071 [ZenCore:Thread-2] ERROR zx.X - 500
java.lang.NullPointerException: Cannot invoke "java.sql.Connection.prepareStatement(String)" because "this.d" is null
	at zx.ap.b(Unknown Source)
	at zx.br.f(Unknown Source)
	at com.zen.kit.UserKit.getByToken(Unknown Source)
	at com.zen.ZenData.getUser(Unknown Source)
	at zx.bn.a(Unknown Source)
	at com.zen.ZenController.$check(Unknown Source)
	at zx.ao.$excute(Unknown Source)
	at zx.X.handle(Unknown Source)
	at zx.aH.a(Unknown Source)
	at zx.aS.b(Unknown Source)
	at zx.aB.a(Unknown Source)
	at zx.cj.d(Unknown Source)
	at zx.cj.b(Unknown Source)
	at zx.cj$1.completed(Unknown Source)
	at zx.cd.a(Unknown Source)
	at zx.bZ.d(Unknown Source)
	at zx.ca.run(Unknown Source)
	at java.base/java.util.concurrent.ThreadPoolExecutor.runWorker(ThreadPoolExecutor.java:1136)
	at java.base/java.util.concurrent.ThreadPoolExecutor$Worker.run(ThreadPoolExecutor.java:635)
	at java.base/java.lang.Thread.run(Thread.java:840)
2025-11-21 13:35:16.324 [ZenCore:Thread-0] ERROR zx.X - 500
java.lang.NullPointerException: Cannot invoke "java.sql.Connection.prepareStatement(String)" because "this.d" is null
	at zx.ap.b(Unknown Source)
	at zx.br.f(Unknown Source)
	at com.zen.kit.UserKit.getByToken(Unknown Source)
	at com.zen.ZenData.getUser(Unknown Source)
	at zx.bn.a(Unknown Source)
	at com.zen.ZenController.$check(Unknown Source)
	at zx.ao.$excute(Unknown Source)
	at zx.X.handle(Unknown Source)
	at zx.aH.a(Unknown Source)
	at zx.aS.b(Unknown Source)
	at zx.aB.a(Unknown Source)
	at zx.cj.d(Unknown Source)
	at zx.cj.b(Unknown Source)
	at zx.cj$1.completed(Unknown Source)
	at zx.cd.a(Unknown Source)
	at zx.bZ.d(Unknown Source)
	at zx.ca.run(Unknown Source)
	at java.base/java.util.concurrent.ThreadPoolExecutor.runWorker(ThreadPoolExecutor.java:1136)
	at java.base/java.util.concurrent.ThreadPoolExecutor$Worker.run(ThreadPoolExecutor.java:635)
	at java.base/java.lang.Thread.run(Thread.java:840)
2025-11-21 13:39:12.199 [ZenCore:Thread-0] ERROR com.zen.executor.SelfHandle - 500
java.lang.NullPointerException: Cannot invoke "java.sql.Connection.prepareStatement(String)" because "this.connection" is null
	at com.zen.dal.DBHelper.getStatement(DBHelper.java:189)
	at com.zen.helper.UserHelper.getByToken(UserHelper.java:236)
	at com.zen.kit.UserKit.getByToken(UserKit.java:127)
	at com.zen.ZenData.getUser(ZenData.java:127)
	at com.zen.helper.InvokeHelper.check(InvokeHelper.java:70)
	at com.zen.ZenController.$check(ZenController.java:57)
	at com.zen.controller.CoreController.$excute(CoreController.java:53)
	at com.zen.executor.SelfHandle.executeApi(SelfHandle.java:272)
	at com.zen.executor.SelfHandle.handle(SelfHandle.java:112)
	at com.zen.server.HttpHandler.handle(HttpHandler.java:97)
	at com.zen.server.impl.HttpMessageProcessor.onBodyStream(HttpMessageProcessor.java:209)
	at com.zen.server.impl.HttpMessageProcessor.process0(HttpMessageProcessor.java:64)
	at com.zen.server.impl.HttpMessageProcessor.process0(HttpMessageProcessor.java:36)
	at com.zen.aio.pro.extension.processor.AbstractMessageProcessor.process(AbstractMessageProcessor.java:64)
	at com.zen.aio.socket.transport.TcpAioSession.signalRead(TcpAioSession.java:267)
	at com.zen.aio.socket.transport.TcpAioSession.readCompleted(TcpAioSession.java:242)
	at com.zen.aio.socket.transport.TcpAioSession$1.completed(TcpAioSession.java:65)
	at com.zen.aio.socket.transport.TcpAioSession$1.completed(TcpAioSession.java:61)
	at com.zen.aio.socket.enhance.EnhanceAsynchronousSocketChannel.doRead(EnhanceAsynchronousSocketChannel.java:357)
	at com.zen.aio.socket.enhance.EnhanceAsynchronousChannelGroup.lambda$static$0(EnhanceAsynchronousChannelGroup.java:45)
	at com.zen.aio.socket.enhance.EnhanceAsynchronousChannelGroup$Worker.run(EnhanceAsynchronousChannelGroup.java:309)
	at java.base/java.util.concurrent.ThreadPoolExecutor.runWorker(ThreadPoolExecutor.java:1136)
	at java.base/java.util.concurrent.ThreadPoolExecutor$Worker.run(ThreadPoolExecutor.java:635)
	at java.base/java.lang.Thread.run(Thread.java:840)
2025-11-21 13:40:54.640 [ZenCore:Thread-0] ERROR com.zen.executor.SelfHandle - 500
java.lang.NullPointerException: Cannot invoke "java.sql.Connection.prepareStatement(String)" because "this.connection" is null
	at com.zen.dal.DBHelper.getStatement(DBHelper.java:189)
	at com.zen.helper.UserHelper.getByToken(UserHelper.java:236)
	at com.zen.kit.UserKit.getByToken(UserKit.java:127)
	at com.zen.ZenData.getUser(ZenData.java:127)
	at com.zen.helper.InvokeHelper.check(InvokeHelper.java:70)
	at com.zen.ZenController.$check(ZenController.java:57)
	at com.zen.controller.CoreController.$excute(CoreController.java:53)
	at com.zen.executor.SelfHandle.executeApi(SelfHandle.java:272)
	at com.zen.executor.SelfHandle.handle(SelfHandle.java:112)
	at com.zen.server.HttpHandler.handle(HttpHandler.java:97)
	at com.zen.server.impl.HttpMessageProcessor.onBodyStream(HttpMessageProcessor.java:209)
	at com.zen.server.impl.HttpMessageProcessor.process0(HttpMessageProcessor.java:64)
	at com.zen.server.impl.HttpMessageProcessor.process0(HttpMessageProcessor.java:36)
	at com.zen.aio.pro.extension.processor.AbstractMessageProcessor.process(AbstractMessageProcessor.java:64)
	at com.zen.aio.socket.transport.TcpAioSession.signalRead(TcpAioSession.java:267)
	at com.zen.aio.socket.transport.TcpAioSession.readCompleted(TcpAioSession.java:242)
	at com.zen.aio.socket.transport.TcpAioSession$1.completed(TcpAioSession.java:65)
	at com.zen.aio.socket.transport.TcpAioSession$1.completed(TcpAioSession.java:61)
	at com.zen.aio.socket.enhance.EnhanceAsynchronousSocketChannel.doRead(EnhanceAsynchronousSocketChannel.java:357)
	at com.zen.aio.socket.enhance.EnhanceAsynchronousChannelGroup.lambda$static$0(EnhanceAsynchronousChannelGroup.java:45)
	at com.zen.aio.socket.enhance.EnhanceAsynchronousChannelGroup$Worker.run(EnhanceAsynchronousChannelGroup.java:309)
	at java.base/java.util.concurrent.ThreadPoolExecutor.runWorker(ThreadPoolExecutor.java:1136)
	at java.base/java.util.concurrent.ThreadPoolExecutor$Worker.run(ThreadPoolExecutor.java:635)
	at java.base/java.lang.Thread.run(Thread.java:840)
2025-11-21 13:40:59.736 [ZenCore:Thread-1] ERROR com.zen.executor.SelfHandle - 500
java.lang.NullPointerException: Cannot invoke "java.sql.Connection.prepareStatement(String)" because "this.connection" is null
	at com.zen.dal.DBHelper.getStatement(DBHelper.java:189)
	at com.zen.helper.UserHelper.getByToken(UserHelper.java:236)
	at com.zen.kit.UserKit.getByToken(UserKit.java:127)
	at com.zen.ZenData.getUser(ZenData.java:127)
	at com.zen.helper.InvokeHelper.check(InvokeHelper.java:70)
	at com.zen.ZenController.$check(ZenController.java:57)
	at com.zen.controller.CoreController.$excute(CoreController.java:53)
	at com.zen.executor.SelfHandle.executeApi(SelfHandle.java:272)
	at com.zen.executor.SelfHandle.handle(SelfHandle.java:112)
	at com.zen.server.HttpHandler.handle(HttpHandler.java:97)
	at com.zen.server.impl.HttpMessageProcessor.onBodyStream(HttpMessageProcessor.java:209)
	at com.zen.server.impl.HttpMessageProcessor.process0(HttpMessageProcessor.java:64)
	at com.zen.server.impl.HttpMessageProcessor.process0(HttpMessageProcessor.java:36)
	at com.zen.aio.pro.extension.processor.AbstractMessageProcessor.process(AbstractMessageProcessor.java:64)
	at com.zen.aio.socket.transport.TcpAioSession.signalRead(TcpAioSession.java:267)
	at com.zen.aio.socket.transport.TcpAioSession.readCompleted(TcpAioSession.java:242)
	at com.zen.aio.socket.transport.TcpAioSession$1.completed(TcpAioSession.java:65)
	at com.zen.aio.socket.transport.TcpAioSession$1.completed(TcpAioSession.java:61)
	at com.zen.aio.socket.enhance.EnhanceAsynchronousSocketChannel.doRead(EnhanceAsynchronousSocketChannel.java:357)
	at com.zen.aio.socket.enhance.EnhanceAsynchronousChannelGroup.lambda$static$0(EnhanceAsynchronousChannelGroup.java:45)
	at com.zen.aio.socket.enhance.EnhanceAsynchronousChannelGroup$Worker.run(EnhanceAsynchronousChannelGroup.java:309)
	at java.base/java.util.concurrent.ThreadPoolExecutor.runWorker(ThreadPoolExecutor.java:1136)
	at java.base/java.util.concurrent.ThreadPoolExecutor$Worker.run(ThreadPoolExecutor.java:635)
	at java.base/java.lang.Thread.run(Thread.java:840)
2025-11-21 13:41:00.685 [ZenCore:Thread-2] ERROR com.zen.executor.SelfHandle - 500
java.lang.NullPointerException: Cannot invoke "java.sql.Connection.prepareStatement(String)" because "this.connection" is null
	at com.zen.dal.DBHelper.getStatement(DBHelper.java:189)
	at com.zen.helper.UserHelper.getByToken(UserHelper.java:236)
	at com.zen.kit.UserKit.getByToken(UserKit.java:127)
	at com.zen.ZenData.getUser(ZenData.java:127)
	at com.zen.helper.InvokeHelper.check(InvokeHelper.java:70)
	at com.zen.ZenController.$check(ZenController.java:57)
	at com.zen.controller.CoreController.$excute(CoreController.java:53)
	at com.zen.executor.SelfHandle.executeApi(SelfHandle.java:272)
	at com.zen.executor.SelfHandle.handle(SelfHandle.java:112)
	at com.zen.server.HttpHandler.handle(HttpHandler.java:97)
	at com.zen.server.impl.HttpMessageProcessor.onBodyStream(HttpMessageProcessor.java:209)
	at com.zen.server.impl.HttpMessageProcessor.process0(HttpMessageProcessor.java:64)
	at com.zen.server.impl.HttpMessageProcessor.process0(HttpMessageProcessor.java:36)
	at com.zen.aio.pro.extension.processor.AbstractMessageProcessor.process(AbstractMessageProcessor.java:64)
	at com.zen.aio.socket.transport.TcpAioSession.signalRead(TcpAioSession.java:267)
	at com.zen.aio.socket.transport.TcpAioSession.readCompleted(TcpAioSession.java:242)
	at com.zen.aio.socket.transport.TcpAioSession$1.completed(TcpAioSession.java:65)
	at com.zen.aio.socket.transport.TcpAioSession$1.completed(TcpAioSession.java:61)
	at com.zen.aio.socket.enhance.EnhanceAsynchronousSocketChannel.doRead(EnhanceAsynchronousSocketChannel.java:357)
	at com.zen.aio.socket.enhance.EnhanceAsynchronousChannelGroup.lambda$static$0(EnhanceAsynchronousChannelGroup.java:45)
	at com.zen.aio.socket.enhance.EnhanceAsynchronousChannelGroup$Worker.run(EnhanceAsynchronousChannelGroup.java:309)
	at java.base/java.util.concurrent.ThreadPoolExecutor.runWorker(ThreadPoolExecutor.java:1136)
	at java.base/java.util.concurrent.ThreadPoolExecutor$Worker.run(ThreadPoolExecutor.java:635)
	at java.base/java.lang.Thread.run(Thread.java:840)
2025-11-21 13:41:08.622 [ZenCore:Thread-3] ERROR com.zen.executor.SelfHandle - 500
java.lang.NullPointerException: Cannot invoke "java.sql.Connection.prepareStatement(String)" because "this.connection" is null
	at com.zen.dal.DBHelper.getStatement(DBHelper.java:189)
	at com.zen.helper.UserHelper.getByToken(UserHelper.java:236)
	at com.zen.kit.UserKit.getByToken(UserKit.java:127)
	at com.zen.ZenData.getUser(ZenData.java:127)
	at com.zen.helper.InvokeHelper.check(InvokeHelper.java:70)
	at com.zen.ZenController.$check(ZenController.java:57)
	at com.zen.controller.CoreController.$excute(CoreController.java:53)
	at com.zen.executor.SelfHandle.executeApi(SelfHandle.java:272)
	at com.zen.executor.SelfHandle.handle(SelfHandle.java:112)
	at com.zen.server.HttpHandler.handle(HttpHandler.java:97)
	at com.zen.server.impl.HttpMessageProcessor.onBodyStream(HttpMessageProcessor.java:209)
	at com.zen.server.impl.HttpMessageProcessor.process0(HttpMessageProcessor.java:64)
	at com.zen.server.impl.HttpMessageProcessor.process0(HttpMessageProcessor.java:36)
	at com.zen.aio.pro.extension.processor.AbstractMessageProcessor.process(AbstractMessageProcessor.java:64)
	at com.zen.aio.socket.transport.TcpAioSession.signalRead(TcpAioSession.java:267)
	at com.zen.aio.socket.transport.TcpAioSession.readCompleted(TcpAioSession.java:242)
	at com.zen.aio.socket.transport.TcpAioSession$1.completed(TcpAioSession.java:65)
	at com.zen.aio.socket.transport.TcpAioSession$1.completed(TcpAioSession.java:61)
	at com.zen.aio.socket.enhance.EnhanceAsynchronousSocketChannel.doRead(EnhanceAsynchronousSocketChannel.java:357)
	at com.zen.aio.socket.enhance.EnhanceAsynchronousChannelGroup.lambda$static$0(EnhanceAsynchronousChannelGroup.java:45)
	at com.zen.aio.socket.enhance.EnhanceAsynchronousChannelGroup$Worker.run(EnhanceAsynchronousChannelGroup.java:309)
	at java.base/java.util.concurrent.ThreadPoolExecutor.runWorker(ThreadPoolExecutor.java:1136)
	at java.base/java.util.concurrent.ThreadPoolExecutor$Worker.run(ThreadPoolExecutor.java:635)
	at java.base/java.lang.Thread.run(Thread.java:840)
2025-11-21 13:41:10.030 [ZenCore:Thread-4] ERROR com.zen.executor.SelfHandle - 500
java.lang.NullPointerException: Cannot invoke "java.sql.Connection.prepareStatement(String)" because "this.connection" is null
	at com.zen.dal.DBHelper.getStatement(DBHelper.java:189)
	at com.zen.helper.UserHelper.getByToken(UserHelper.java:236)
	at com.zen.kit.UserKit.getByToken(UserKit.java:127)
	at com.zen.ZenData.getUser(ZenData.java:127)
	at com.zen.helper.InvokeHelper.check(InvokeHelper.java:70)
	at com.zen.ZenController.$check(ZenController.java:57)
	at com.zen.controller.CoreController.$excute(CoreController.java:53)
	at com.zen.executor.SelfHandle.executeApi(SelfHandle.java:272)
	at com.zen.executor.SelfHandle.handle(SelfHandle.java:112)
	at com.zen.server.HttpHandler.handle(HttpHandler.java:97)
	at com.zen.server.impl.HttpMessageProcessor.onBodyStream(HttpMessageProcessor.java:209)
	at com.zen.server.impl.HttpMessageProcessor.process0(HttpMessageProcessor.java:64)
	at com.zen.server.impl.HttpMessageProcessor.process0(HttpMessageProcessor.java:36)
	at com.zen.aio.pro.extension.processor.AbstractMessageProcessor.process(AbstractMessageProcessor.java:64)
	at com.zen.aio.socket.transport.TcpAioSession.signalRead(TcpAioSession.java:267)
	at com.zen.aio.socket.transport.TcpAioSession.readCompleted(TcpAioSession.java:242)
	at com.zen.aio.socket.transport.TcpAioSession$1.completed(TcpAioSession.java:65)
	at com.zen.aio.socket.transport.TcpAioSession$1.completed(TcpAioSession.java:61)
	at com.zen.aio.socket.enhance.EnhanceAsynchronousSocketChannel.doRead(EnhanceAsynchronousSocketChannel.java:357)
	at com.zen.aio.socket.enhance.EnhanceAsynchronousChannelGroup.lambda$static$0(EnhanceAsynchronousChannelGroup.java:45)
	at com.zen.aio.socket.enhance.EnhanceAsynchronousChannelGroup$Worker.run(EnhanceAsynchronousChannelGroup.java:309)
	at java.base/java.util.concurrent.ThreadPoolExecutor.runWorker(ThreadPoolExecutor.java:1136)
	at java.base/java.util.concurrent.ThreadPoolExecutor$Worker.run(ThreadPoolExecutor.java:635)
	at java.base/java.lang.Thread.run(Thread.java:840)
2025-11-21 13:41:10.726 [ZenCore:Thread-5] ERROR com.zen.executor.SelfHandle - 500
java.lang.NullPointerException: Cannot invoke "java.sql.Connection.prepareStatement(String)" because "this.connection" is null
	at com.zen.dal.DBHelper.getStatement(DBHelper.java:189)
	at com.zen.helper.UserHelper.getByToken(UserHelper.java:236)
	at com.zen.kit.UserKit.getByToken(UserKit.java:127)
	at com.zen.ZenData.getUser(ZenData.java:127)
	at com.zen.helper.InvokeHelper.check(InvokeHelper.java:70)
	at com.zen.ZenController.$check(ZenController.java:57)
	at com.zen.controller.CoreController.$excute(CoreController.java:53)
	at com.zen.executor.SelfHandle.executeApi(SelfHandle.java:272)
	at com.zen.executor.SelfHandle.handle(SelfHandle.java:112)
	at com.zen.server.HttpHandler.handle(HttpHandler.java:97)
	at com.zen.server.impl.HttpMessageProcessor.onBodyStream(HttpMessageProcessor.java:209)
	at com.zen.server.impl.HttpMessageProcessor.process0(HttpMessageProcessor.java:64)
	at com.zen.server.impl.HttpMessageProcessor.process0(HttpMessageProcessor.java:36)
	at com.zen.aio.pro.extension.processor.AbstractMessageProcessor.process(AbstractMessageProcessor.java:64)
	at com.zen.aio.socket.transport.TcpAioSession.signalRead(TcpAioSession.java:267)
	at com.zen.aio.socket.transport.TcpAioSession.readCompleted(TcpAioSession.java:242)
	at com.zen.aio.socket.transport.TcpAioSession$1.completed(TcpAioSession.java:65)
	at com.zen.aio.socket.transport.TcpAioSession$1.completed(TcpAioSession.java:61)
	at com.zen.aio.socket.enhance.EnhanceAsynchronousSocketChannel.doRead(EnhanceAsynchronousSocketChannel.java:357)
	at com.zen.aio.socket.enhance.EnhanceAsynchronousChannelGroup.lambda$static$0(EnhanceAsynchronousChannelGroup.java:45)
	at com.zen.aio.socket.enhance.EnhanceAsynchronousChannelGroup$Worker.run(EnhanceAsynchronousChannelGroup.java:309)
	at java.base/java.util.concurrent.ThreadPoolExecutor.runWorker(ThreadPoolExecutor.java:1136)
	at java.base/java.util.concurrent.ThreadPoolExecutor$Worker.run(ThreadPoolExecutor.java:635)
	at java.base/java.lang.Thread.run(Thread.java:840)
2025-11-21 13:41:16.940 [ZenCore:Thread-0] ERROR com.zen.executor.SelfHandle - 500
java.lang.NullPointerException: Cannot invoke "java.sql.Connection.prepareStatement(String)" because "this.connection" is null
	at com.zen.dal.DBHelper.getStatement(DBHelper.java:189)
	at com.zen.helper.UserHelper.getByToken(UserHelper.java:236)
	at com.zen.kit.UserKit.getByToken(UserKit.java:127)
	at com.zen.ZenData.getUser(ZenData.java:127)
	at com.zen.helper.InvokeHelper.check(InvokeHelper.java:70)
	at com.zen.ZenController.$check(ZenController.java:57)
	at com.zen.controller.CoreController.$excute(CoreController.java:53)
	at com.zen.executor.SelfHandle.executeApi(SelfHandle.java:272)
	at com.zen.executor.SelfHandle.handle(SelfHandle.java:112)
	at com.zen.server.HttpHandler.handle(HttpHandler.java:97)
	at com.zen.server.impl.HttpMessageProcessor.onBodyStream(HttpMessageProcessor.java:209)
	at com.zen.server.impl.HttpMessageProcessor.process0(HttpMessageProcessor.java:64)
	at com.zen.server.impl.HttpMessageProcessor.process0(HttpMessageProcessor.java:36)
	at com.zen.aio.pro.extension.processor.AbstractMessageProcessor.process(AbstractMessageProcessor.java:64)
	at com.zen.aio.socket.transport.TcpAioSession.signalRead(TcpAioSession.java:267)
	at com.zen.aio.socket.transport.TcpAioSession.readCompleted(TcpAioSession.java:242)
	at com.zen.aio.socket.transport.TcpAioSession$1.completed(TcpAioSession.java:65)
	at com.zen.aio.socket.transport.TcpAioSession$1.completed(TcpAioSession.java:61)
	at com.zen.aio.socket.enhance.EnhanceAsynchronousSocketChannel.doRead(EnhanceAsynchronousSocketChannel.java:357)
	at com.zen.aio.socket.enhance.EnhanceAsynchronousChannelGroup.lambda$static$0(EnhanceAsynchronousChannelGroup.java:45)
	at com.zen.aio.socket.enhance.EnhanceAsynchronousChannelGroup$Worker.run(EnhanceAsynchronousChannelGroup.java:309)
	at java.base/java.util.concurrent.ThreadPoolExecutor.runWorker(ThreadPoolExecutor.java:1136)
	at java.base/java.util.concurrent.ThreadPoolExecutor$Worker.run(ThreadPoolExecutor.java:635)
	at java.base/java.lang.Thread.run(Thread.java:840)
2025-11-21 13:41:47.585 [ZenCore:Thread-0] ERROR com.zen.executor.SelfHandle - 500
java.lang.NullPointerException: Cannot invoke "java.sql.Connection.prepareStatement(String)" because "this.connection" is null
	at com.zen.dal.DBHelper.getStatement(DBHelper.java:189)
	at com.zen.helper.UserHelper.getByToken(UserHelper.java:236)
	at com.zen.kit.UserKit.getByToken(UserKit.java:127)
	at com.zen.ZenData.getUser(ZenData.java:127)
	at com.zen.helper.InvokeHelper.check(InvokeHelper.java:70)
	at com.zen.ZenController.$check(ZenController.java:57)
	at com.zen.controller.CoreController.$excute(CoreController.java:53)
	at com.zen.executor.SelfHandle.executeApi(SelfHandle.java:272)
	at com.zen.executor.SelfHandle.handle(SelfHandle.java:112)
	at com.zen.server.HttpHandler.handle(HttpHandler.java:97)
	at com.zen.server.impl.HttpMessageProcessor.onBodyStream(HttpMessageProcessor.java:209)
	at com.zen.server.impl.HttpMessageProcessor.process0(HttpMessageProcessor.java:64)
	at com.zen.server.impl.HttpMessageProcessor.process0(HttpMessageProcessor.java:36)
	at com.zen.aio.pro.extension.processor.AbstractMessageProcessor.process(AbstractMessageProcessor.java:64)
	at com.zen.aio.socket.transport.TcpAioSession.signalRead(TcpAioSession.java:267)
	at com.zen.aio.socket.transport.TcpAioSession.readCompleted(TcpAioSession.java:242)
	at com.zen.aio.socket.transport.TcpAioSession$1.completed(TcpAioSession.java:65)
	at com.zen.aio.socket.transport.TcpAioSession$1.completed(TcpAioSession.java:61)
	at com.zen.aio.socket.enhance.EnhanceAsynchronousSocketChannel.doRead(EnhanceAsynchronousSocketChannel.java:357)
	at com.zen.aio.socket.enhance.EnhanceAsynchronousChannelGroup.lambda$static$0(EnhanceAsynchronousChannelGroup.java:45)
	at com.zen.aio.socket.enhance.EnhanceAsynchronousChannelGroup$Worker.run(EnhanceAsynchronousChannelGroup.java:309)
	at java.base/java.util.concurrent.ThreadPoolExecutor.runWorker(ThreadPoolExecutor.java:1136)
	at java.base/java.util.concurrent.ThreadPoolExecutor$Worker.run(ThreadPoolExecutor.java:635)
	at java.base/java.lang.Thread.run(Thread.java:840)
2025-11-21 13:42:16.994 [ZenCore:Thread-0] ERROR com.zen.executor.SelfHandle - 500
java.lang.NullPointerException: Cannot invoke "java.sql.Connection.prepareStatement(String)" because "this.connection" is null
	at com.zen.dal.DBHelper.getStatement(DBHelper.java:189)
	at com.zen.helper.UserHelper.getByToken(UserHelper.java:236)
	at com.zen.kit.UserKit.getByToken(UserKit.java:127)
	at com.zen.ZenData.getUser(ZenData.java:127)
	at com.zen.helper.InvokeHelper.check(InvokeHelper.java:70)
	at com.zen.ZenController.$check(ZenController.java:57)
	at com.zen.controller.CoreController.$excute(CoreController.java:53)
	at com.zen.executor.SelfHandle.executeApi(SelfHandle.java:272)
	at com.zen.executor.SelfHandle.handle(SelfHandle.java:112)
	at com.zen.server.HttpHandler.handle(HttpHandler.java:97)
	at com.zen.server.impl.HttpMessageProcessor.onBodyStream(HttpMessageProcessor.java:209)
	at com.zen.server.impl.HttpMessageProcessor.process0(HttpMessageProcessor.java:64)
	at com.zen.server.impl.HttpMessageProcessor.process0(HttpMessageProcessor.java:36)
	at com.zen.aio.pro.extension.processor.AbstractMessageProcessor.process(AbstractMessageProcessor.java:64)
	at com.zen.aio.socket.transport.TcpAioSession.signalRead(TcpAioSession.java:267)
	at com.zen.aio.socket.transport.TcpAioSession.readCompleted(TcpAioSession.java:242)
	at com.zen.aio.socket.transport.TcpAioSession$1.completed(TcpAioSession.java:65)
	at com.zen.aio.socket.transport.TcpAioSession$1.completed(TcpAioSession.java:61)
	at com.zen.aio.socket.enhance.EnhanceAsynchronousSocketChannel.doRead(EnhanceAsynchronousSocketChannel.java:357)
	at com.zen.aio.socket.enhance.EnhanceAsynchronousChannelGroup.lambda$static$0(EnhanceAsynchronousChannelGroup.java:45)
	at com.zen.aio.socket.enhance.EnhanceAsynchronousChannelGroup$Worker.run(EnhanceAsynchronousChannelGroup.java:309)
	at java.base/java.util.concurrent.ThreadPoolExecutor.runWorker(ThreadPoolExecutor.java:1136)
	at java.base/java.util.concurrent.ThreadPoolExecutor$Worker.run(ThreadPoolExecutor.java:635)
	at java.base/java.lang.Thread.run(Thread.java:840)
2025-11-21 13:42:31.355 [ZenCore:Thread-1] ERROR com.zen.executor.SelfHandle - 500
java.lang.NullPointerException: Cannot invoke "java.sql.Connection.prepareStatement(String)" because "this.connection" is null
	at com.zen.dal.DBHelper.getStatement(DBHelper.java:189)
	at com.zen.helper.UserHelper.getByToken(UserHelper.java:236)
	at com.zen.kit.UserKit.getByToken(UserKit.java:127)
	at com.zen.ZenData.getUser(ZenData.java:127)
	at com.zen.helper.InvokeHelper.check(InvokeHelper.java:70)
	at com.zen.ZenController.$check(ZenController.java:57)
	at com.zen.controller.CoreController.$excute(CoreController.java:53)
	at com.zen.executor.SelfHandle.executeApi(SelfHandle.java:272)
	at com.zen.executor.SelfHandle.handle(SelfHandle.java:112)
	at com.zen.server.HttpHandler.handle(HttpHandler.java:97)
	at com.zen.server.impl.HttpMessageProcessor.onBodyStream(HttpMessageProcessor.java:209)
	at com.zen.server.impl.HttpMessageProcessor.process0(HttpMessageProcessor.java:64)
	at com.zen.server.impl.HttpMessageProcessor.process0(HttpMessageProcessor.java:36)
	at com.zen.aio.pro.extension.processor.AbstractMessageProcessor.process(AbstractMessageProcessor.java:64)
	at com.zen.aio.socket.transport.TcpAioSession.signalRead(TcpAioSession.java:267)
	at com.zen.aio.socket.transport.TcpAioSession.readCompleted(TcpAioSession.java:242)
	at com.zen.aio.socket.transport.TcpAioSession$1.completed(TcpAioSession.java:65)
	at com.zen.aio.socket.transport.TcpAioSession$1.completed(TcpAioSession.java:61)
	at com.zen.aio.socket.enhance.EnhanceAsynchronousSocketChannel.doRead(EnhanceAsynchronousSocketChannel.java:357)
	at com.zen.aio.socket.enhance.EnhanceAsynchronousChannelGroup.lambda$static$0(EnhanceAsynchronousChannelGroup.java:45)
	at com.zen.aio.socket.enhance.EnhanceAsynchronousChannelGroup$Worker.run(EnhanceAsynchronousChannelGroup.java:309)
	at java.base/java.util.concurrent.ThreadPoolExecutor.runWorker(ThreadPoolExecutor.java:1136)
	at java.base/java.util.concurrent.ThreadPoolExecutor$Worker.run(ThreadPoolExecutor.java:635)
	at java.base/java.lang.Thread.run(Thread.java:840)
2025-11-21 13:42:51.710 [ZenCore:Thread-2] ERROR com.zen.executor.SelfHandle - 500
java.lang.NullPointerException: Cannot invoke "java.sql.Connection.prepareStatement(String)" because "this.connection" is null
	at com.zen.dal.DBHelper.getStatement(DBHelper.java:189)
	at com.zen.helper.UserHelper.getByToken(UserHelper.java:236)
	at com.zen.kit.UserKit.getByToken(UserKit.java:127)
	at com.zen.ZenData.getUser(ZenData.java:127)
	at com.zen.helper.InvokeHelper.check(InvokeHelper.java:70)
	at com.zen.ZenController.$check(ZenController.java:57)
	at com.zen.controller.CoreController.$excute(CoreController.java:53)
	at com.zen.executor.SelfHandle.executeApi(SelfHandle.java:272)
	at com.zen.executor.SelfHandle.handle(SelfHandle.java:112)
	at com.zen.server.HttpHandler.handle(HttpHandler.java:97)
	at com.zen.server.impl.HttpMessageProcessor.onBodyStream(HttpMessageProcessor.java:209)
	at com.zen.server.impl.HttpMessageProcessor.process0(HttpMessageProcessor.java:64)
	at com.zen.server.impl.HttpMessageProcessor.process0(HttpMessageProcessor.java:36)
	at com.zen.aio.pro.extension.processor.AbstractMessageProcessor.process(AbstractMessageProcessor.java:64)
	at com.zen.aio.socket.transport.TcpAioSession.signalRead(TcpAioSession.java:267)
	at com.zen.aio.socket.transport.TcpAioSession.readCompleted(TcpAioSession.java:242)
	at com.zen.aio.socket.transport.TcpAioSession$1.completed(TcpAioSession.java:65)
	at com.zen.aio.socket.transport.TcpAioSession$1.completed(TcpAioSession.java:61)
	at com.zen.aio.socket.enhance.EnhanceAsynchronousSocketChannel.doRead(EnhanceAsynchronousSocketChannel.java:357)
	at com.zen.aio.socket.enhance.EnhanceAsynchronousChannelGroup.lambda$static$0(EnhanceAsynchronousChannelGroup.java:45)
	at com.zen.aio.socket.enhance.EnhanceAsynchronousChannelGroup$Worker.run(EnhanceAsynchronousChannelGroup.java:309)
	at java.base/java.util.concurrent.ThreadPoolExecutor.runWorker(ThreadPoolExecutor.java:1136)
	at java.base/java.util.concurrent.ThreadPoolExecutor$Worker.run(ThreadPoolExecutor.java:635)
	at java.base/java.lang.Thread.run(Thread.java:840)
2025-11-21 13:43:26.095 [ZenCore:Thread-0] ERROR com.zen.dal.DBHelper - select uid from `zen_token` where id=? limit 0,1
2025-11-21 13:43:26.101 [ZenCore:Thread-0] ERROR com.zen.executor.SelfHandle - 500
java.lang.NullPointerException: Cannot invoke "java.sql.PreparedStatement.setString(int, String)" because "statement" is null
	at com.zen.helper.UserHelper.getByToken(UserHelper.java:237)
	at com.zen.kit.UserKit.getByToken(UserKit.java:127)
	at com.zen.ZenData.getUser(ZenData.java:127)
	at com.zen.helper.InvokeHelper.check(InvokeHelper.java:70)
	at com.zen.ZenController.$check(ZenController.java:57)
	at com.zen.controller.CoreController.$excute(CoreController.java:53)
	at com.zen.executor.SelfHandle.executeApi(SelfHandle.java:272)
	at com.zen.executor.SelfHandle.handle(SelfHandle.java:112)
	at com.zen.server.HttpHandler.handle(HttpHandler.java:97)
	at com.zen.server.impl.HttpMessageProcessor.onBodyStream(HttpMessageProcessor.java:209)
	at com.zen.server.impl.HttpMessageProcessor.process0(HttpMessageProcessor.java:64)
	at com.zen.server.impl.HttpMessageProcessor.process0(HttpMessageProcessor.java:36)
	at com.zen.aio.pro.extension.processor.AbstractMessageProcessor.process(AbstractMessageProcessor.java:64)
	at com.zen.aio.socket.transport.TcpAioSession.signalRead(TcpAioSession.java:267)
	at com.zen.aio.socket.transport.TcpAioSession.readCompleted(TcpAioSession.java:242)
	at com.zen.aio.socket.transport.TcpAioSession$1.completed(TcpAioSession.java:65)
	at com.zen.aio.socket.transport.TcpAioSession$1.completed(TcpAioSession.java:61)
	at com.zen.aio.socket.enhance.EnhanceAsynchronousSocketChannel.doRead(EnhanceAsynchronousSocketChannel.java:357)
	at com.zen.aio.socket.enhance.EnhanceAsynchronousChannelGroup.lambda$static$0(EnhanceAsynchronousChannelGroup.java:45)
	at com.zen.aio.socket.enhance.EnhanceAsynchronousChannelGroup$Worker.run(EnhanceAsynchronousChannelGroup.java:309)
	at java.base/java.util.concurrent.ThreadPoolExecutor.runWorker(ThreadPoolExecutor.java:1136)
	at java.base/java.util.concurrent.ThreadPoolExecutor$Worker.run(ThreadPoolExecutor.java:635)
	at java.base/java.lang.Thread.run(Thread.java:840)
2025-11-21 13:43:30.707 [ZenCore:Thread-0] ERROR com.zen.dal.DBHelper - select uid from `zen_token` where id=? limit 0,1
2025-11-21 13:43:30.712 [ZenCore:Thread-0] ERROR com.zen.executor.SelfHandle - 500
java.lang.NullPointerException: Cannot invoke "java.sql.PreparedStatement.setString(int, String)" because "statement" is null
	at com.zen.helper.UserHelper.getByToken(UserHelper.java:237)
	at com.zen.kit.UserKit.getByToken(UserKit.java:127)
	at com.zen.ZenData.getUser(ZenData.java:127)
	at com.zen.helper.InvokeHelper.check(InvokeHelper.java:70)
	at com.zen.ZenController.$check(ZenController.java:57)
	at com.zen.controller.CoreController.$excute(CoreController.java:53)
	at com.zen.executor.SelfHandle.executeApi(SelfHandle.java:272)
	at com.zen.executor.SelfHandle.handle(SelfHandle.java:112)
	at com.zen.server.HttpHandler.handle(HttpHandler.java:97)
	at com.zen.server.impl.HttpMessageProcessor.onBodyStream(HttpMessageProcessor.java:209)
	at com.zen.server.impl.HttpMessageProcessor.process0(HttpMessageProcessor.java:64)
	at com.zen.server.impl.HttpMessageProcessor.process0(HttpMessageProcessor.java:36)
	at com.zen.aio.pro.extension.processor.AbstractMessageProcessor.process(AbstractMessageProcessor.java:64)
	at com.zen.aio.socket.transport.TcpAioSession.signalRead(TcpAioSession.java:267)
	at com.zen.aio.socket.transport.TcpAioSession.readCompleted(TcpAioSession.java:242)
	at com.zen.aio.socket.transport.TcpAioSession$1.completed(TcpAioSession.java:65)
	at com.zen.aio.socket.transport.TcpAioSession$1.completed(TcpAioSession.java:61)
	at com.zen.aio.socket.enhance.EnhanceAsynchronousSocketChannel.doRead(EnhanceAsynchronousSocketChannel.java:357)
	at com.zen.aio.socket.enhance.EnhanceAsynchronousChannelGroup.lambda$static$0(EnhanceAsynchronousChannelGroup.java:45)
	at com.zen.aio.socket.enhance.EnhanceAsynchronousChannelGroup$Worker.run(EnhanceAsynchronousChannelGroup.java:309)
	at java.base/java.util.concurrent.ThreadPoolExecutor.runWorker(ThreadPoolExecutor.java:1136)
	at java.base/java.util.concurrent.ThreadPoolExecutor$Worker.run(ThreadPoolExecutor.java:635)
	at java.base/java.lang.Thread.run(Thread.java:840)
2025-11-21 13:43:32.059 [ZenCore:Thread-1] ERROR com.zen.dal.DBHelper - select uid from `zen_token` where id=? limit 0,1
2025-11-21 13:43:32.060 [ZenCore:Thread-1] ERROR com.zen.executor.SelfHandle - 500
java.lang.NullPointerException: Cannot invoke "java.sql.PreparedStatement.setString(int, String)" because "statement" is null
	at com.zen.helper.UserHelper.getByToken(UserHelper.java:237)
	at com.zen.kit.UserKit.getByToken(UserKit.java:127)
	at com.zen.ZenData.getUser(ZenData.java:127)
	at com.zen.helper.InvokeHelper.check(InvokeHelper.java:70)
	at com.zen.ZenController.$check(ZenController.java:57)
	at com.zen.controller.CoreController.$excute(CoreController.java:53)
	at com.zen.executor.SelfHandle.executeApi(SelfHandle.java:272)
	at com.zen.executor.SelfHandle.handle(SelfHandle.java:112)
	at com.zen.server.HttpHandler.handle(HttpHandler.java:97)
	at com.zen.server.impl.HttpMessageProcessor.onBodyStream(HttpMessageProcessor.java:209)
	at com.zen.server.impl.HttpMessageProcessor.process0(HttpMessageProcessor.java:64)
	at com.zen.server.impl.HttpMessageProcessor.process0(HttpMessageProcessor.java:36)
	at com.zen.aio.pro.extension.processor.AbstractMessageProcessor.process(AbstractMessageProcessor.java:64)
	at com.zen.aio.socket.transport.TcpAioSession.signalRead(TcpAioSession.java:267)
	at com.zen.aio.socket.transport.TcpAioSession.readCompleted(TcpAioSession.java:242)
	at com.zen.aio.socket.transport.TcpAioSession$1.completed(TcpAioSession.java:65)
	at com.zen.aio.socket.transport.TcpAioSession$1.completed(TcpAioSession.java:61)
	at com.zen.aio.socket.enhance.EnhanceAsynchronousSocketChannel.doRead(EnhanceAsynchronousSocketChannel.java:357)
	at com.zen.aio.socket.enhance.EnhanceAsynchronousChannelGroup.lambda$static$0(EnhanceAsynchronousChannelGroup.java:45)
	at com.zen.aio.socket.enhance.EnhanceAsynchronousChannelGroup$Worker.run(EnhanceAsynchronousChannelGroup.java:309)
	at java.base/java.util.concurrent.ThreadPoolExecutor.runWorker(ThreadPoolExecutor.java:1136)
	at java.base/java.util.concurrent.ThreadPoolExecutor$Worker.run(ThreadPoolExecutor.java:635)
	at java.base/java.lang.Thread.run(Thread.java:840)
2025-11-21 13:43:32.887 [ZenCore:Thread-2] ERROR com.zen.dal.DBHelper - select uid from `zen_token` where id=? limit 0,1
2025-11-21 13:43:32.888 [ZenCore:Thread-2] ERROR com.zen.executor.SelfHandle - 500
java.lang.NullPointerException: Cannot invoke "java.sql.PreparedStatement.setString(int, String)" because "statement" is null
	at com.zen.helper.UserHelper.getByToken(UserHelper.java:237)
	at com.zen.kit.UserKit.getByToken(UserKit.java:127)
	at com.zen.ZenData.getUser(ZenData.java:127)
	at com.zen.helper.InvokeHelper.check(InvokeHelper.java:70)
	at com.zen.ZenController.$check(ZenController.java:57)
	at com.zen.controller.CoreController.$excute(CoreController.java:53)
	at com.zen.executor.SelfHandle.executeApi(SelfHandle.java:272)
	at com.zen.executor.SelfHandle.handle(SelfHandle.java:112)
	at com.zen.server.HttpHandler.handle(HttpHandler.java:97)
	at com.zen.server.impl.HttpMessageProcessor.onBodyStream(HttpMessageProcessor.java:209)
	at com.zen.server.impl.HttpMessageProcessor.process0(HttpMessageProcessor.java:64)
	at com.zen.server.impl.HttpMessageProcessor.process0(HttpMessageProcessor.java:36)
	at com.zen.aio.pro.extension.processor.AbstractMessageProcessor.process(AbstractMessageProcessor.java:64)
	at com.zen.aio.socket.transport.TcpAioSession.signalRead(TcpAioSession.java:267)
	at com.zen.aio.socket.transport.TcpAioSession.readCompleted(TcpAioSession.java:242)
	at com.zen.aio.socket.transport.TcpAioSession$1.completed(TcpAioSession.java:65)
	at com.zen.aio.socket.transport.TcpAioSession$1.completed(TcpAioSession.java:61)
	at com.zen.aio.socket.enhance.EnhanceAsynchronousSocketChannel.doRead(EnhanceAsynchronousSocketChannel.java:357)
	at com.zen.aio.socket.enhance.EnhanceAsynchronousChannelGroup.lambda$static$0(EnhanceAsynchronousChannelGroup.java:45)
	at com.zen.aio.socket.enhance.EnhanceAsynchronousChannelGroup$Worker.run(EnhanceAsynchronousChannelGroup.java:309)
	at java.base/java.util.concurrent.ThreadPoolExecutor.runWorker(ThreadPoolExecutor.java:1136)
	at java.base/java.util.concurrent.ThreadPoolExecutor$Worker.run(ThreadPoolExecutor.java:635)
	at java.base/java.lang.Thread.run(Thread.java:840)
2025-11-21 13:43:33.827 [ZenCore:Thread-3] ERROR com.zen.dal.DBHelper - select uid from `zen_token` where id=? limit 0,1
2025-11-21 13:43:33.828 [ZenCore:Thread-3] ERROR com.zen.executor.SelfHandle - 500
java.lang.NullPointerException: Cannot invoke "java.sql.PreparedStatement.setString(int, String)" because "statement" is null
	at com.zen.helper.UserHelper.getByToken(UserHelper.java:237)
	at com.zen.kit.UserKit.getByToken(UserKit.java:127)
	at com.zen.ZenData.getUser(ZenData.java:127)
	at com.zen.helper.InvokeHelper.check(InvokeHelper.java:70)
	at com.zen.ZenController.$check(ZenController.java:57)
	at com.zen.controller.CoreController.$excute(CoreController.java:53)
	at com.zen.executor.SelfHandle.executeApi(SelfHandle.java:272)
	at com.zen.executor.SelfHandle.handle(SelfHandle.java:112)
	at com.zen.server.HttpHandler.handle(HttpHandler.java:97)
	at com.zen.server.impl.HttpMessageProcessor.onBodyStream(HttpMessageProcessor.java:209)
	at com.zen.server.impl.HttpMessageProcessor.process0(HttpMessageProcessor.java:64)
	at com.zen.server.impl.HttpMessageProcessor.process0(HttpMessageProcessor.java:36)
	at com.zen.aio.pro.extension.processor.AbstractMessageProcessor.process(AbstractMessageProcessor.java:64)
	at com.zen.aio.socket.transport.TcpAioSession.signalRead(TcpAioSession.java:267)
	at com.zen.aio.socket.transport.TcpAioSession.readCompleted(TcpAioSession.java:242)
	at com.zen.aio.socket.transport.TcpAioSession$1.completed(TcpAioSession.java:65)
	at com.zen.aio.socket.transport.TcpAioSession$1.completed(TcpAioSession.java:61)
	at com.zen.aio.socket.enhance.EnhanceAsynchronousSocketChannel.doRead(EnhanceAsynchronousSocketChannel.java:357)
	at com.zen.aio.socket.enhance.EnhanceAsynchronousChannelGroup.lambda$static$0(EnhanceAsynchronousChannelGroup.java:45)
	at com.zen.aio.socket.enhance.EnhanceAsynchronousChannelGroup$Worker.run(EnhanceAsynchronousChannelGroup.java:309)
	at java.base/java.util.concurrent.ThreadPoolExecutor.runWorker(ThreadPoolExecutor.java:1136)
	at java.base/java.util.concurrent.ThreadPoolExecutor$Worker.run(ThreadPoolExecutor.java:635)
	at java.base/java.lang.Thread.run(Thread.java:840)
2025-11-21 13:43:58.295 [ZenCore:Thread-4] ERROR com.zen.dal.DBHelper - select uid from `zen_token` where id=? limit 0,1
2025-11-21 13:43:58.298 [ZenCore:Thread-4] ERROR com.zen.executor.SelfHandle - 500
java.lang.NullPointerException: Cannot invoke "java.sql.PreparedStatement.setString(int, String)" because "statement" is null
	at com.zen.helper.UserHelper.getByToken(UserHelper.java:237)
	at com.zen.kit.UserKit.getByToken(UserKit.java:127)
	at com.zen.ZenData.getUser(ZenData.java:127)
	at com.zen.helper.InvokeHelper.check(InvokeHelper.java:70)
	at com.zen.ZenController.$check(ZenController.java:57)
	at com.zen.controller.CoreController.$excute(CoreController.java:53)
	at com.zen.executor.SelfHandle.executeApi(SelfHandle.java:272)
	at com.zen.executor.SelfHandle.handle(SelfHandle.java:112)
	at com.zen.server.HttpHandler.handle(HttpHandler.java:97)
	at com.zen.server.impl.HttpMessageProcessor.onBodyStream(HttpMessageProcessor.java:209)
	at com.zen.server.impl.HttpMessageProcessor.process0(HttpMessageProcessor.java:64)
	at com.zen.server.impl.HttpMessageProcessor.process0(HttpMessageProcessor.java:36)
	at com.zen.aio.pro.extension.processor.AbstractMessageProcessor.process(AbstractMessageProcessor.java:64)
	at com.zen.aio.socket.transport.TcpAioSession.signalRead(TcpAioSession.java:267)
	at com.zen.aio.socket.transport.TcpAioSession.readCompleted(TcpAioSession.java:242)
	at com.zen.aio.socket.transport.TcpAioSession$1.completed(TcpAioSession.java:65)
	at com.zen.aio.socket.transport.TcpAioSession$1.completed(TcpAioSession.java:61)
	at com.zen.aio.socket.enhance.EnhanceAsynchronousSocketChannel.doRead(EnhanceAsynchronousSocketChannel.java:357)
	at com.zen.aio.socket.enhance.EnhanceAsynchronousChannelGroup.lambda$static$0(EnhanceAsynchronousChannelGroup.java:45)
	at com.zen.aio.socket.enhance.EnhanceAsynchronousChannelGroup$Worker.run(EnhanceAsynchronousChannelGroup.java:309)
	at java.base/java.util.concurrent.ThreadPoolExecutor.runWorker(ThreadPoolExecutor.java:1136)
	at java.base/java.util.concurrent.ThreadPoolExecutor$Worker.run(ThreadPoolExecutor.java:635)
	at java.base/java.lang.Thread.run(Thread.java:840)
2025-11-21 13:44:53.422 [ZenCore:Thread-0] ERROR com.zen.dal.DBHelper - SELECT `content` FROM `zen_config` WHERE app='house' AND name=? LIMIT 1
